<?xml version="1.0" encoding="UTF-8"?>
<!-- Generated by org.testng.reporters.JUnitReportReporter -->
<testsuite hostname="sasi-kumar" failures="0" tests="1" name="ShoppingApp.Myntra.selectNavigatioon" time="68.904" errors="0" timestamp="2021-07-30T08:27:23 IST" skipped="0">
  <testcase classname="ShoppingApp.Myntra.selectNavigatioon" name="Navigation" time="68.904"/>
  <system-out/>
</testsuite> <!-- ShoppingApp.Myntra.selectNavigatioon -->
