<?xml version="1.0" encoding="UTF-8"?>
<!-- Generated by org.testng.reporters.JUnitReportReporter -->
<testsuite hostname="sasi-kumar" failures="0" tests="2" name="ShoppingApp.Myntra.WishList_Test" time="276.732" errors="0" timestamp="2021-07-30T08:27:23 IST" skipped="0">
  <testcase classname="ShoppingApp.Myntra.WishList_Test" name="wishList_NoLogin" time="84.335"/>
  <system-out/>
  <testcase classname="ShoppingApp.Myntra.WishList_Test" name="wishList_NoLogin_Text" time="192.397"/>
  <system-out/>
</testsuite> <!-- ShoppingApp.Myntra.WishList_Test -->
